<?xml version="1.0" encoding="UTF-8"?>
<testsuite xmlns:xsi="http://www.w3.org/2001/XMLSchema-instance" xsi:noNamespaceSchemaLocation="https://maven.apache.org/surefire/maven-surefire-plugin/xsd/surefire-test-report-3.0.xsd" version="3.0" name="com.lafis.GeometricEfficiencyTool.GeometricEfficiencyToolApplicationTests" time="2.909" tests="1" errors="0" skipped="0" failures="0">
  <properties>
[...]
</properties>
  <testcase name="contextLoads" classname="com.lafis.GeometricEfficiencyTool.GeometricEfficiencyToolApplicationTests" time="0.604">
    <system-out><![CDATA[18:54:28.979 [main] INFO org.springframework.test.context.support.AnnotationConfigContextLoaderUtils -- Could not detect default configuration classes for test class [com.lafis.GeometricEfficiencyTool.GeometricEfficiencyToolApplicationTests]: GeometricEfficiencyToolApplicationTests does not declare any static, non-private, non-final, nested classes annotated with @Configuration.
18:54:29.065 [main] INFO org.springframework.boot.test.context.SpringBootTestContextBootstrapper -- Found @SpringBootConfiguration com.lafis.GeometricEfficiencyTool.GeometricEfficiencyToolApplication for test class com.lafis.GeometricEfficiencyTool.GeometricEfficiencyToolApplicationTests
18:54:29.186 [main] INFO org.springframework.boot.devtools.restart.RestartApplicationListener -- Restart disabled due to context in which it is running

  .   ____          _            __ _ _
 /\\ / ___'_ __ _ _(_)_ __  __ _ \ \ \ \
( ( )\___ | '_ | '_| | '_ \/ _` | \ \ \ \
 \\/  ___)| |_)| | | | | || (_| |  ) ) ) )
  '  |____| .__|_| |_|_| |_\__, | / / / /
 =========|_|==============|___/=/_/_/_/

 :: Spring Boot ::                (v3.3.6)

2025-03-08T18:54:29.401-03:00  INFO 206130 --- [GeometricEfficiencyTool] [           main] .GeometricEfficiencyToolApplicationTests : Starting GeometricEfficiencyToolApplicationTests using Java 17 with PID 206130 (started by alx in /home/alx/projects/GeometricEfficiencyTool)
2025-03-08T18:54:29.402-03:00  INFO 206130 --- [GeometricEfficiencyTool] [           main] .GeometricEfficiencyToolApplicationTests : No active profile set, falling back to 1 default profile: "default"
2025-03-08T18:54:29.913-03:00  INFO 206130 --- [GeometricEfficiencyTool] [           main] .s.d.r.c.RepositoryConfigurationDelegate : Multiple Spring Data modules found, entering strict repository configuration mode
2025-03-08T18:54:29.914-03:00  INFO 206130 --- [GeometricEfficiencyTool] [           main] .s.d.r.c.RepositoryConfigurationDelegate : Bootstrapping Spring Data MongoDB repositories in DEFAULT mode.
2025-03-08T18:54:29.961-03:00  INFO 206130 --- [GeometricEfficiencyTool] [           main] .s.d.r.c.RepositoryConfigurationDelegate : Finished Spring Data repository scanning in 43 ms. Found 1 MongoDB repository interface.
2025-03-08T18:54:30.424-03:00  INFO 206130 --- [GeometricEfficiencyTool] [           main] org.mongodb.driver.client                : MongoClient with metadata {"driver": {"name": "mongo-java-driver|sync|spring-boot", "version": "5.0.1"}, "os": {"type": "Linux", "name": "Linux", "architecture": "amd64", "version": "6.13.4-zen1-1-zen"}, "platform": "Java/Oracle Corporation/17+35-2724"} created with settings MongoClientSettings{readPreference=primary, writeConcern=WriteConcern{w=null, wTimeout=null ms, journal=null}, retryWrites=true, retryReads=true, readConcern=ReadConcern{level=null}, credential=MongoCredential{mechanism=null, userName='root', source='admin', password=<hidden>, mechanismProperties=<hidden>}, transportSettings=null, commandListeners=[], codecRegistry=ProvidersCodecRegistry{codecProviders=[ValueCodecProvider{}, BsonValueCodecProvider{}, DBRefCodecProvider{}, DBObjectCodecProvider{}, DocumentCodecProvider{}, CollectionCodecProvider{}, IterableCodecProvider{}, MapCodecProvider{}, GeoJsonCodecProvider{}, GridFSFileCodecProvider{}, Jsr310CodecProvider{}, JsonObjectCodecProvider{}, BsonCodecProvider{}, EnumCodecProvider{}, com.mongodb.client.model.mql.ExpressionCodecProvider@6bedd4e4, com.mongodb.Jep395RecordCodecProvider@4570d7b6, com.mongodb.KotlinCodecProvider@72b6832e]}, loggerSettings=LoggerSettings{maxDocumentLength=1000}, clusterSettings={hosts=[localhost:27017], srvServiceName=mongodb, mode=SINGLE, requiredClusterType=UNKNOWN, requiredReplicaSetName='null', serverSelector='null', clusterListeners='[]', serverSelectionTimeout='30000 ms', localThreshold='15 ms'}, socketSettings=SocketSettings{connectTimeoutMS=10000, readTimeoutMS=0, receiveBufferSize=0, proxySettings=ProxySettings{host=null, port=null, username=null, password=null}}, heartbeatSocketSettings=SocketSettings{connectTimeoutMS=10000, readTimeoutMS=10000, receiveBufferSize=0, proxySettings=ProxySettings{host=null, port=null, username=null, password=null}}, connectionPoolSettings=ConnectionPoolSettings{maxSize=100, minSize=0, maxWaitTimeMS=120000, maxConnectionLifeTimeMS=0, maxConnectionIdleTimeMS=0, maintenanceInitialDelayMS=0, maintenanceFrequencyMS=60000, connectionPoolListeners=[], maxConnecting=2}, serverSettings=ServerSettings{heartbeatFrequencyMS=10000, minHeartbeatFrequencyMS=500, serverListeners='[]', serverMonitorListeners='[]'}, sslSettings=SslSettings{enabled=false, invalidHostNameAllowed=false, context=null}, applicationName='null', compressorList=[], uuidRepresentation=JAVA_LEGACY, serverApi=null, autoEncryptionSettings=null, dnsClient=null, inetAddressResolver=null, contextProvider=null}
2025-03-08T18:54:30.447-03:00  INFO 206130 --- [GeometricEfficiencyTool] [localhost:27017] org.mongodb.driver.cluster               : Monitor thread successfully connected to server with description ServerDescription{address=localhost:27017, type=STANDALONE, state=CONNECTED, ok=true, minWireVersion=0, maxWireVersion=17, maxDocumentSize=16777216, logicalSessionTimeoutMinutes=30, roundTripTimeNanos=19890699}
2025-03-08T18:54:31.134-03:00  INFO 206130 --- [GeometricEfficiencyTool] [           main] .GeometricEfficiencyToolApplicationTests : Started GeometricEfficiencyToolApplicationTests in 1.956 seconds (process running for 2.785)
]]></system-out>
  </testcase>
</testsuite>